[29Aug2024 00:06:45.434] [Server thread/INFO] [net.minecraft.server.MinecraftServer/]: Silva_htxl was slain by Harpy
[29Aug2024 00:06:45.476] [Server thread/INFO] [tombstone/]: The player Silva_htxl has successfully been saved
[29Aug2024 00:06:46.684] [Server thread/INFO] [Scaling Health/]: Player lost 0.00 heart crystal(s)
[29Aug2024 00:06:46.685] [Server thread/INFO] [Scaling Health/]: Player lost -0.00 difficulty
[29Aug2024 00:10:52.276] [Server thread/WARN] [net.minecraft.server.level.ServerPlayerGameMode/]: Mismatch in destroy block pos: BlockPos{x=-505, y=60, z=-243} BlockPos{x=-505, y=62, z=-243}
[29Aug2024 00:10:52.330] [Server thread/WARN] [net.minecraft.server.level.ServerPlayerGameMode/]: Mismatch in destroy block pos: BlockPos{x=-505, y=60, z=-243} BlockPos{x=-505, y=62, z=-243}
[29Aug2024 00:10:52.377] [Server thread/WARN] [net.minecraft.server.level.ServerPlayerGameMode/]: Mismatch in destroy block pos: BlockPos{x=-506, y=59, z=-243} BlockPos{x=-505, y=62, z=-243}
[29Aug2024 00:10:52.428] [Server thread/WARN] [net.minecraft.server.level.ServerPlayerGameMode/]: Mismatch in destroy block pos: BlockPos{x=-506, y=59, z=-243} BlockPos{x=-505, y=62, z=-243}
[29Aug2024 00:10:52.506] [Server thread/WARN] [net.minecraft.server.level.ServerPlayerGameMode/]: Mismatch in destroy block pos: BlockPos{x=-506, y=59, z=-243} BlockPos{x=-505, y=62, z=-243}
[29Aug2024 00:10:52.533] [Server thread/WARN] [net.minecraft.server.level.ServerPlayerGameMode/]: Mismatch in destroy block pos: BlockPos{x=-507, y=60, z=-243} BlockPos{x=-505, y=62, z=-243}
[29Aug2024 00:15:32.925] [Server thread/WARN] [net.minecraft.server.level.ServerPlayerGameMode/]: Mismatch in destroy block pos: BlockPos{x=-318, y=68, z=-177} BlockPos{x=-319, y=67, z=-180}
[29Aug2024 00:15:32.975] [Server thread/WARN] [net.minecraft.server.level.ServerPlayerGameMode/]: Mismatch in destroy block pos: BlockPos{x=-318, y=69, z=-178} BlockPos{x=-319, y=67, z=-180}
[29Aug2024 00:15:33.025] [Server thread/WARN] [net.minecraft.server.level.ServerPlayerGameMode/]: Mismatch in destroy block pos: BlockPos{x=-318, y=69, z=-178} BlockPos{x=-319, y=67, z=-180}
[29Aug2024 00:15:33.074] [Server thread/WARN] [net.minecraft.server.level.ServerPlayerGameMode/]: Mismatch in destroy block pos: BlockPos{x=-318, y=68, z=-179} BlockPos{x=-319, y=67, z=-180}
[29Aug2024 00:15:33.125] [Server thread/WARN] [net.minecraft.server.level.ServerPlayerGameMode/]: Mismatch in destroy block pos: BlockPos{x=-318, y=68, z=-179} BlockPos{x=-319, y=67, z=-180}
[29Aug2024 00:15:33.177] [Server thread/WARN] [net.minecraft.server.level.ServerPlayerGameMode/]: Mismatch in destroy block pos: BlockPos{x=-318, y=68, z=-179} BlockPos{x=-319, y=67, z=-180}
[29Aug2024 00:15:33.225] [Server thread/WARN] [net.minecraft.server.level.ServerPlayerGameMode/]: Mismatch in destroy block pos: BlockPos{x=-318, y=68, z=-179} BlockPos{x=-319, y=67, z=-180}
[29Aug2024 00:15:33.275] [Server thread/WARN] [net.minecraft.server.level.ServerPlayerGameMode/]: Mismatch in destroy block pos: BlockPos{x=-318, y=68, z=-179} BlockPos{x=-319, y=67, z=-180}
[29Aug2024 00:15:33.325] [Server thread/WARN] [net.minecraft.server.level.ServerPlayerGameMode/]: Mismatch in destroy block pos: BlockPos{x=-318, y=68, z=-179} BlockPos{x=-319, y=67, z=-180}
[29Aug2024 00:15:33.375] [Server thread/WARN] [net.minecraft.server.level.ServerPlayerGameMode/]: Mismatch in destroy block pos: BlockPos{x=-316, y=68, z=-179} BlockPos{x=-319, y=67, z=-180}
[29Aug2024 00:15:33.425] [Server thread/WARN] [net.minecraft.server.level.ServerPlayerGameMode/]: Mismatch in destroy block pos: BlockPos{x=-316, y=68, z=-179} BlockPos{x=-319, y=67, z=-180}
[29Aug2024 00:15:33.476] [Server thread/WARN] [net.minecraft.server.level.ServerPlayerGameMode/]: Mismatch in destroy block pos: BlockPos{x=-315, y=69, z=-179} BlockPos{x=-319, y=67, z=-180}
[29Aug2024 00:15:33.824] [Server thread/WARN] [net.minecraft.server.level.ServerPlayerGameMode/]: Mismatch in destroy block pos: BlockPos{x=-314, y=68, z=-179} BlockPos{x=-311, y=67, z=-180}
[29Aug2024 00:15:33.874] [Server thread/WARN] [net.minecraft.server.level.ServerPlayerGameMode/]: Mismatch in destroy block pos: BlockPos{x=-314, y=68, z=-179} BlockPos{x=-311, y=67, z=-180}
[29Aug2024 00:15:34.077] [Server thread/WARN] [net.minecraft.server.level.ServerPlayerGameMode/]: Mismatch in destroy block pos: BlockPos{x=-313, y=68, z=-179} BlockPos{x=-313, y=67, z=-176}
[29Aug2024 00:15:55.131] [Server thread/WARN] [net.minecraft.server.level.ServerPlayerGameMode/]: Mismatch in destroy block pos: BlockPos{x=-307, y=67, z=-179} BlockPos{x=-347, y=66, z=-184}
[29Aug2024 00:16:09.427] [Server thread/WARN] [net.minecraft.server.network.ServerGamePacketListenerImpl/]: Silva_htxl moved wrongly!
[29Aug2024 00:50:57.585] [Server thread/WARN] [Scaling Health/]: Another mod seems to have canceled healing from a heart container (player literal{Silva_htxl})
[29Aug2024 00:53:09.833] [Server thread/WARN] [net.minecraft.world.level.chunk.LevelChunk/]: Tried to load a block entity for block Block{minecraft:fletching_table} but failed at location BlockPos{x=-56, y=25, z=-401}
[29Aug2024 00:53:40.484] [Server thread/WARN] [net.minecraft.world.level.chunk.LevelChunk/]: Tried to load a block entity for block Block{minecraft:smithing_table} but failed at location BlockPos{x=-22, y=-9, z=-474}
[29Aug2024 00:56:51.687] [Server thread/INFO] [net.minecraft.server.MinecraftServer/]: Silva_htxl has made the advancement [Eye of The Storm]
[29Aug2024 00:59:02.225] [Server thread/INFO] [net.minecraft.server.MinecraftServer/]: Silva_htxl was slain by Zombie
[29Aug2024 00:59:02.246] [Server thread/INFO] [tombstone/]: The player Silva_htxl has successfully been saved
[29Aug2024 00:59:03.414] [Server thread/INFO] [Scaling Health/]: Player lost 0.00 heart crystal(s)
[29Aug2024 00:59:03.419] [Server thread/INFO] [Scaling Health/]: Player gained 0.00 difficulty
[29Aug2024 01:02:35.578] [Server thread/INFO] [net.minecraft.server.MinecraftServer/]: Silva_htxl was slain by Door Knight
[29Aug2024 01:02:35.590] [Server thread/INFO] [tombstone/]: The player Silva_htxl has successfully been saved
[29Aug2024 01:02:36.749] [Server thread/INFO] [Scaling Health/]: Player lost 0.00 heart crystal(s)
[29Aug2024 01:02:36.750] [Server thread/INFO] [Scaling Health/]: Player lost 0.00 difficulty
[29Aug2024 01:27:00.955] [Server thread/INFO] [net.minecraft.server.MinecraftServer/]: Unknown or incomplete command, see below for error
[29Aug2024 01:27:01.613] [Server thread/INFO] [net.minecraft.server.MinecraftServer/]: asd<--[HERE]
[29Aug2024 01:43:42.177] [Server thread/INFO] [net.minecraft.server.network.ServerGamePacketListenerImpl/]: Silva_htxl lost connection: Disconnected
[29Aug2024 01:43:42.178] [Server thread/INFO] [net.minecraft.server.MinecraftServer/]: Silva_htxl left the game
[29Aug2024 01:56:40.169] [Server thread/INFO] [net.minecraft.server.MinecraftServer/]: [Not Secure] [Server] longi
[29Aug2024 02:19:02.468] [Server thread/INFO] [net.minecraft.server.MinecraftServer/]: Stopping the server
[29Aug2024 02:19:02.529] [Server thread/INFO] [net.minecraft.server.MinecraftServer/]: Stopping server
[29Aug2024 02:19:02.532] [Server thread/INFO] [net.minecraft.server.MinecraftServer/]: Saving players
[29Aug2024 02:19:02.533] [Server thread/INFO] [net.minecraft.server.MinecraftServer/]: Saving worlds
[29Aug2024 02:19:04.004] [Server thread/INFO] [net.minecraft.server.MinecraftServer/]: Saving chunks for level 'ServerLevel[world]'/minecraft:overworld
[29Aug2024 02:19:05.797] [Server thread/INFO] [net.minecraft.server.MinecraftServer/]: Saving chunks for level 'ServerLevel[world]'/deeperdarker:otherside
[29Aug2024 02:19:05.799] [Server thread/INFO] [net.minecraft.server.MinecraftServer/]: Saving chunks for level 'ServerLevel[world]'/minecraft:the_end
[29Aug2024 02:19:05.800] [Server thread/INFO] [net.minecraft.server.MinecraftServer/]: Saving chunks for level 'ServerLevel[world]'/minecraft:the_nether
[29Aug2024 02:19:05.801] [Server thread/INFO] [net.minecraft.server.MinecraftServer/]: Saving chunks for level 'ServerLevel[world]'/twilightforest:twilight_forest
[29Aug2024 02:19:05.854] [Server thread/INFO] [net.minecraft.server.MinecraftServer/]: ThreadedAnvilChunkStorage (world): All chunks are saved
[29Aug2024 02:19:05.854] [Server thread/INFO] [net.minecraft.server.MinecraftServer/]: ThreadedAnvilChunkStorage (otherside): All chunks are saved
[29Aug2024 02:19:05.855] [Server thread/INFO] [net.minecraft.server.MinecraftServer/]: ThreadedAnvilChunkStorage (DIM1): All chunks are saved
[29Aug2024 02:19:05.855] [Server thread/INFO] [net.minecraft.server.MinecraftServer/]: ThreadedAnvilChunkStorage (DIM-1): All chunks are saved
[29Aug2024 02:19:05.855] [Server thread/INFO] [net.minecraft.server.MinecraftServer/]: ThreadedAnvilChunkStorage (twilight_forest): All chunks are saved
[29Aug2024 02:19:05.856] [Server thread/INFO] [net.minecraft.server.MinecraftServer/]: ThreadedAnvilChunkStorage: All dimensions are saved
